{
  "RSpec": {
    "coverage": {
      "/Users/Kit/turing/projects/trackFund_mod3_personal_proj/app/helpers/application_helper.rb": [
        1,
        null
      ],
      "/Users/Kit/turing/projects/trackFund_mod3_personal_proj/app/helpers/dashboard_helper.rb": [
        1,
        null
      ],
      "/Users/Kit/turing/projects/trackFund_mod3_personal_proj/app/helpers/home_helper.rb": [
        1,
        null
      ],
      "/Users/Kit/turing/projects/trackFund_mod3_personal_proj/app/helpers/people_helper.rb": [
        1,
        null
      ],
      "/Users/Kit/turing/projects/trackFund_mod3_personal_proj/app/helpers/sessions_helper.rb": [
        1,
        null
      ],
      "/Users/Kit/turing/projects/trackFund_mod3_personal_proj/app/helpers/users_helper.rb": [
        1,
        null
      ],
      "/Users/Kit/turing/projects/trackFund_mod3_personal_proj/app/controllers/people_controller.rb": [
        1,
        1,
        null,
        1,
        0,
        null,
        null,
        1,
        null,
        null,
        1,
        null,
        null,
        1,
        null,
        null,
        1,
        null,
        null,
        1,
        null,
        null,
        1,
        0,
        0,
        0,
        null,
        null,
        1,
        null,
        1,
        0,
        null,
        null,
        1,
        0,
        null,
        null
      ],
      "/Users/Kit/turing/projects/trackFund_mod3_personal_proj/app/controllers/application_controller.rb": [
        1,
        1,
        null,
        1,
        null,
        1,
        null,
        1,
        0,
        null,
        null
      ],
      "/Users/Kit/turing/projects/trackFund_mod3_personal_proj/app/controllers/sessions_controller.rb": [
        1,
        null,
        1,
        0,
        null,
        null,
        1,
        0,
        0,
        0,
        null,
        null,
        1,
        0,
        0,
        0,
        null,
        null,
        1,
        null,
        null,
        1,
        0,
        0,
        0,
        null,
        null,
        0,
        0,
        0,
        0,
        null,
        null,
        1,
        0,
        0,
        0,
        0,
        null,
        null,
        1,
        0,
        0,
        null,
        null,
        null,
        null,
        0,
        null,
        null,
        null,
        1,
        0,
        null,
        null
      ],
      "/Users/Kit/turing/projects/trackFund_mod3_personal_proj/app/controllers/users_controller.rb": [
        1,
        null,
        1,
        0,
        null,
        null,
        1,
        0,
        null,
        null
      ],
      "/Users/Kit/turing/projects/trackFund_mod3_personal_proj/app/models/token.rb": [
        1,
        1,
        null,
        1,
        0,
        0,
        0,
        0,
        0,
        0,
        null,
        null
      ],
      "/Users/Kit/turing/projects/trackFund_mod3_personal_proj/app/models/user.rb": [
        1,
        1,
        null,
        1,
        0,
        0,
        0,
        0,
        0,
        0,
        0,
        0,
        0,
        0,
        null,
        null
      ]
    },
    "timestamp": 1430246818
  }
}
